<?xml version="1.0" encoding="UTF-8"?>
<!-- Generated by org.testng.reporters.JUnitReportReporter -->
<testsuite hostname="asmaa-fawzy" failures="0" tests="3" name="TestRunner.CucumberTestRunner" time="65.757" errors="0" timestamp="2023-11-18T00:32:15 EET" skipped="0">
  <testcase classname="TestRunner.CucumberTestRunner" name="runScenario" time="20.414"/>
  <testcase classname="TestRunner.CucumberTestRunner" name="runScenario" time="32.905"/>
  <testcase classname="TestRunner.CucumberTestRunner" name="runScenario" time="12.438"/>
</testsuite> <!-- TestRunner.CucumberTestRunner -->
